Start testing: Sep 17 22:41 MSK
----------------------------------------------------------
1/1 Testing: rpn_tests
1/1 Test: rpn_tests
Command: "/home/mk/my-project/rpn_calculator/build/tests/rpn_tests"
Directory: /home/mk/my-project/rpn_calculator/build/tests
"rpn_tests" start time: Sep 17 22:41 MSK
Output:
----------------------------------------------------------
Running main() from ./googletest/src/gtest_main.cc
[==========] Running 4 tests from 1 test suite.
[----------] Global test environment set-up.
[----------] 4 tests from RPNTest
[ RUN      ] RPNTest.BasicAddition
[       OK ] RPNTest.BasicAddition (0 ms)
[ RUN      ] RPNTest.ComplexExpression
[       OK ] RPNTest.ComplexExpression (0 ms)
[ RUN      ] RPNTest.DivisionByZero
[       OK ] RPNTest.DivisionByZero (0 ms)
[ RUN      ] RPNTest.InvalidExpression
[       OK ] RPNTest.InvalidExpression (0 ms)
[----------] 4 tests from RPNTest (1 ms total)

[----------] Global test environment tear-down
[==========] 4 tests from 1 test suite ran. (1 ms total)
[  PASSED  ] 4 tests.
<end of output>
Test time =   0.01 sec
----------------------------------------------------------
Test Passed.
"rpn_tests" end time: Sep 17 22:41 MSK
"rpn_tests" time elapsed: 00:00:00
----------------------------------------------------------

End testing: Sep 17 22:41 MSK
